0 silly input [ 'publish' ]
1 silly flags { _: [ 'publish' ] }
2 verbose rootPath C:\Users\amahajan\Workspace\am-react-scripts
3 info version 2.0.0
4 silly isInitialized
5 silly isInitialized true
6 silly existsSync C:\Users\amahajan\Workspace\am-react-scripts\VERSION
7 silly initialize attempt
8 info current version 0.0.0
9 silly getUpdates
10 info Checking for updated packages...
11 silly hasTags
12 verbose hasTags false
13 info Comparing with initial commit.
14 verbose updated react-scripts
15 silly collectDependents
16 silly isPackageDependentOf react-scripts react-scripts
17 silly collectUpdates
18 verbose has filtered update react-scripts
19 silly initialize success
20 silly execute attempt
21 silly isDetachedHead
22 silly getCurrentBranch
23 error execute Error: fatal: ambiguous argument 'HEAD': unknown revision or path not in the working tree.
23 error execute Use '--' to separate paths from revisions, like this:
23 error execute 'git <command> [<revision>...] -- [<file>...]'
23 error execute
23 error execute     at Function.module.exports.sync (C:\Users\amahajan\AppData\Roaming\npm\node_modules\lerna\node_modules\execa\index.js:277:26)
23 error execute     at Function.execSync (C:\Users\amahajan\AppData\Roaming\npm\node_modules\lerna\lib\ChildProcessUtilities.js:59:30)
23 error execute     at Function.getCurrentBranch (C:\Users\amahajan\AppData\Roaming\npm\node_modules\lerna\lib\GitUtilities.js:183:59)
23 error execute     at Function.isDetachedHead (C:\Users\amahajan\AppData\Roaming\npm\node_modules\lerna\lib\GitUtilities.js:37:37)
23 error execute     at PublishCommand.execute (C:\Users\amahajan\AppData\Roaming\npm\node_modules\lerna\lib\commands\PublishCommand.js:250:55)
23 error execute     at PublishCommand._attempt (C:\Users\amahajan\AppData\Roaming\npm\node_modules\lerna\lib\Command.js:289:21)
23 error execute     at C:\Users\amahajan\AppData\Roaming\npm\node_modules\lerna\lib\Command.js:276:15
23 error execute     at C:\Users\amahajan\AppData\Roaming\npm\node_modules\lerna\lib\Command.js:298:13
23 error execute     at C:\Users\amahajan\AppData\Roaming\npm\node_modules\lerna\lib\commands\PublishCommand.js:495:11
23 error execute     at C:\Users\amahajan\AppData\Roaming\npm\node_modules\lerna\lib\PromptUtilities.js:38:9
23 error execute  callback with error
23 error execute  { Error: fatal: ambiguous argument 'HEAD': unknown revision or path not in the working tree.
23 error execute Use '--' to separate paths from revisions, like this:
23 error execute 'git <command> [<revision>...] -- [<file>...]'
23 error execute
23 error execute     at Function.module.exports.sync (C:\Users\amahajan\AppData\Roaming\npm\node_modules\lerna\node_modules\execa\index.js:277:26)
23 error execute     at Function.execSync (C:\Users\amahajan\AppData\Roaming\npm\node_modules\lerna\lib\ChildProcessUtilities.js:59:30)
23 error execute     at Function.getCurrentBranch (C:\Users\amahajan\AppData\Roaming\npm\node_modules\lerna\lib\GitUtilities.js:183:59)
23 error execute     at Function.isDetachedHead (C:\Users\amahajan\AppData\Roaming\npm\node_modules\lerna\lib\GitUtilities.js:37:37)
23 error execute     at PublishCommand.execute (C:\Users\amahajan\AppData\Roaming\npm\node_modules\lerna\lib\commands\PublishCommand.js:250:55)
23 error execute     at PublishCommand._attempt (C:\Users\amahajan\AppData\Roaming\npm\node_modules\lerna\lib\Command.js:289:21)
23 error execute     at C:\Users\amahajan\AppData\Roaming\npm\node_modules\lerna\lib\Command.js:276:15
23 error execute     at C:\Users\amahajan\AppData\Roaming\npm\node_modules\lerna\lib\Command.js:298:13
23 error execute     at C:\Users\amahajan\AppData\Roaming\npm\node_modules\lerna\lib\commands\PublishCommand.js:495:11
23 error execute     at C:\Users\amahajan\AppData\Roaming\npm\node_modules\lerna\lib\PromptUtilities.js:38:9
23 error execute   stack: 'Error: fatal: ambiguous argument \'HEAD\': unknown revision or path not in the working tree.\nUse \'--\' to separate paths from revisions, like this:\n\'git <command> [<revision>...] -- [<file>...]\'\n\n    at Function.module.exports.sync (C:\\Users\\amahajan\\AppData\\Roaming\\npm\\node_modules\\lerna\\node_modules\\execa\\index.js:277:26)\n    at Function.execSync (C:\\Users\\amahajan\\AppData\\Roaming\\npm\\node_modules\\lerna\\lib\\ChildProcessUtilities.js:59:30)\n    at Function.getCurrentBranch (C:\\Users\\amahajan\\AppData\\Roaming\\npm\\node_modules\\lerna\\lib\\GitUtilities.js:183:59)\n    at Function.isDetachedHead (C:\\Users\\amahajan\\AppData\\Roaming\\npm\\node_modules\\lerna\\lib\\GitUtilities.js:37:37)\n    at PublishCommand.execute (C:\\Users\\amahajan\\AppData\\Roaming\\npm\\node_modules\\lerna\\lib\\commands\\PublishCommand.js:250:55)\n    at PublishCommand._attempt (C:\\Users\\amahajan\\AppData\\Roaming\\npm\\node_modules\\lerna\\lib\\Command.js:289:21)\n    at C:\\Users\\amahajan\\AppData\\Roaming\\npm\\node_modules\\lerna\\lib\\Command.js:276:15\n    at C:\\Users\\amahajan\\AppData\\Roaming\\npm\\node_modules\\lerna\\lib\\Command.js:298:13\n    at C:\\Users\\amahajan\\AppData\\Roaming\\npm\\node_modules\\lerna\\lib\\commands\\PublishCommand.js:495:11\n    at C:\\Users\\amahajan\\AppData\\Roaming\\npm\\node_modules\\lerna\\lib\\PromptUtilities.js:38:9' }
